2025-07-13 14:20:30 [INFO] - ============================================================
2025-07-13 14:20:30 [INFO] - ОПТИМИЗИРАН MCMC RUNNER
2025-07-13 14:20:30 [INFO] - ============================================================
2025-07-13 14:20:30 [INFO] - Модел: PLM
2025-07-13 14:20:30 [INFO] - Walkers: 32, Steps: 5000, Burnin: 1000
2025-07-13 14:20:30 [INFO] - CPU ядра: 10/24
2025-07-13 14:20:30 [INFO] - Система: 12 физически, 24 логически
2025-07-13 14:20:30 [INFO] - Възстановяване на симулация за 'PLM' от стъпка 5000.
2025-07-13 14:20:30 [INFO] - Симулацията вече е завършена.
2025-07-13 14:20:30 [INFO] - 
Анализ на резултатите за PLM:
2025-07-13 14:20:30 [INFO] -   Брой семпли: 8512
2025-07-13 14:20:31 [INFO] -   Corner plot: D:\MyPRJ\Python\NotLinearTime\Test_5\mcmc_analysis\results\PLM_optimized_corner_plot.png
2025-07-13 14:20:31 [INFO] -   Резултати:
2025-07-13 14:20:31 [INFO] -     H0 = 40.0001 +8.9976 / -0.0001
2025-07-13 14:20:31 [INFO] -     Omega_m h^2 = 0.1990 +0.0645 / -0.0497
2025-07-13 14:20:31 [INFO] -     z_crit = 4.1510 +4.0267 / -4.0391
2025-07-13 14:20:31 [INFO] -     w_crit = 2.4019 +2.3178 / -2.3808
2025-07-13 14:20:31 [INFO] -     f_max = 0.5441 +0.4406 / -0.3046
2025-07-13 14:20:31 [INFO] -     k = 0.0153 +3.0573 / -0.0047
2025-07-13 14:20:31 [INFO] - 
Оптимизираните MCMC симулации завършиха успешно!
2025-07-13 15:53:57 [INFO] - ============================================================
2025-07-13 15:53:57 [INFO] - ОПТИМИЗИРАН MCMC RUNNER
2025-07-13 15:53:57 [INFO] - ============================================================
2025-07-13 15:53:57 [INFO] - Модел: PLM
2025-07-13 15:53:57 [INFO] - Walkers: 32, Steps: 5000, Burnin: 1000
2025-07-13 15:53:57 [INFO] - CPU ядра: 12/24
2025-07-13 15:53:57 [INFO] - Система: 12 физически, 24 логически
2025-07-13 15:53:57 [INFO] - Започване на нова симулация за 'PLM_k_fixed'.
2025-07-13 15:53:57 [INFO] - Използваме 12 от 12 налични ядра
2025-07-13 15:53:57 [INFO] - Стартиране на оптимизирана MCMC симулация за PLM_k_fixed...
2025-07-13 15:53:58 [ERROR] - Грешка по време на симулацията: Can't get local object 'main.<locals>.log_probability_plm_k_fixed'
2025-07-13 15:53:58 [ERROR] - Traceback (most recent call last):
  File "D:\MyPRJ\Python\NotLinearTime\Test_5\mcmc_analysis\runners\run_mcmc.py", line 185, in run_optimized_mcmc
    for i, result in enumerate(sampler.sample(initial_state, iterations=n_steps_to_run, progress=True)):
                     ^^^^^^^^^^^^^^^^^^^^^^^^^^^^^^^^^^^^^^^^^^^^^^^^^^^^^^^^^^^^^^^^^^^^^^^^^^^^^^^^^^
  File "C:\Users\aaami\AppData\Local\Programs\Python\Python312\Lib\site-packages\emcee\ensemble.py", line 351, in sample
    state.log_prob, state.blobs = self.compute_log_prob(state.coords)
                                  ^^^^^^^^^^^^^^^^^^^^^^^^^^^^^^^^^^^
  File "C:\Users\aaami\AppData\Local\Programs\Python\Python312\Lib\site-packages\emcee\ensemble.py", line 496, in compute_log_prob
    results = list(map_func(self.log_prob_fn, p))
                   ^^^^^^^^^^^^^^^^^^^^^^^^^^^^^
  File "C:\Users\aaami\AppData\Local\Programs\Python\Python312\Lib\multiprocessing\pool.py", line 367, in map
    return self._map_async(func, iterable, mapstar, chunksize).get()
           ^^^^^^^^^^^^^^^^^^^^^^^^^^^^^^^^^^^^^^^^^^^^^^^^^^^^^^^^^
  File "C:\Users\aaami\AppData\Local\Programs\Python\Python312\Lib\multiprocessing\pool.py", line 774, in get
    raise self._value
  File "C:\Users\aaami\AppData\Local\Programs\Python\Python312\Lib\multiprocessing\pool.py", line 540, in _handle_tasks
    put(task)
  File "C:\Users\aaami\AppData\Local\Programs\Python\Python312\Lib\multiprocessing\connection.py", line 206, in send
    self._send_bytes(_ForkingPickler.dumps(obj))
                     ^^^^^^^^^^^^^^^^^^^^^^^^^^
  File "C:\Users\aaami\AppData\Local\Programs\Python\Python312\Lib\multiprocessing\reduction.py", line 51, in dumps
    cls(buf, protocol).dump(obj)
AttributeError: Can't get local object 'main.<locals>.log_probability_plm_k_fixed'

2025-07-13 15:53:58 [INFO] - 
Оптимизираните MCMC симулации завършиха успешно!
2025-07-13 15:54:56 [INFO] - ============================================================
2025-07-13 15:54:56 [INFO] - ОПТИМИЗИРАН MCMC RUNNER
2025-07-13 15:54:56 [INFO] - ============================================================
2025-07-13 15:54:56 [INFO] - Модел: PLM
2025-07-13 15:54:56 [INFO] - Walkers: 32, Steps: 5000, Burnin: 1000
2025-07-13 15:54:56 [INFO] - CPU ядра: 12/24
2025-07-13 15:54:56 [INFO] - Система: 12 физически, 24 логически
2025-07-13 15:54:56 [INFO] - Започване на нова симулация за 'PLM_k_fixed'.
2025-07-13 15:54:56 [INFO] - Използваме 12 от 12 налични ядра
2025-07-13 15:54:56 [INFO] - Стартиране на оптимизирана MCMC симулация за PLM_k_fixed...
2025-07-13 15:54:57 [ERROR] - Грешка по време на симулацията: Can't get local object 'main.<locals>.log_probability_plm_k_fixed'
2025-07-13 15:54:57 [ERROR] - Traceback (most recent call last):
  File "D:\MyPRJ\Python\NotLinearTime\Test_5\mcmc_analysis\runners\run_mcmc.py", line 185, in run_optimized_mcmc
    for i, result in enumerate(sampler.sample(initial_state, iterations=n_steps_to_run, progress=True)):
                     ^^^^^^^^^^^^^^^^^^^^^^^^^^^^^^^^^^^^^^^^^^^^^^^^^^^^^^^^^^^^^^^^^^^^^^^^^^^^^^^^^^
  File "C:\Users\aaami\AppData\Local\Programs\Python\Python312\Lib\site-packages\emcee\ensemble.py", line 351, in sample
    state.log_prob, state.blobs = self.compute_log_prob(state.coords)
                                  ^^^^^^^^^^^^^^^^^^^^^^^^^^^^^^^^^^^
  File "C:\Users\aaami\AppData\Local\Programs\Python\Python312\Lib\site-packages\emcee\ensemble.py", line 496, in compute_log_prob
    results = list(map_func(self.log_prob_fn, p))
                   ^^^^^^^^^^^^^^^^^^^^^^^^^^^^^
  File "C:\Users\aaami\AppData\Local\Programs\Python\Python312\Lib\multiprocessing\pool.py", line 367, in map
    return self._map_async(func, iterable, mapstar, chunksize).get()
           ^^^^^^^^^^^^^^^^^^^^^^^^^^^^^^^^^^^^^^^^^^^^^^^^^^^^^^^^^
  File "C:\Users\aaami\AppData\Local\Programs\Python\Python312\Lib\multiprocessing\pool.py", line 774, in get
    raise self._value
  File "C:\Users\aaami\AppData\Local\Programs\Python\Python312\Lib\multiprocessing\pool.py", line 540, in _handle_tasks
    put(task)
  File "C:\Users\aaami\AppData\Local\Programs\Python\Python312\Lib\multiprocessing\connection.py", line 206, in send
    self._send_bytes(_ForkingPickler.dumps(obj))
                     ^^^^^^^^^^^^^^^^^^^^^^^^^^
  File "C:\Users\aaami\AppData\Local\Programs\Python\Python312\Lib\multiprocessing\reduction.py", line 51, in dumps
    cls(buf, protocol).dump(obj)
AttributeError: Can't get local object 'main.<locals>.log_probability_plm_k_fixed'

2025-07-13 15:54:57 [INFO] - 
Оптимизираните MCMC симулации завършиха успешно!
2025-07-13 15:56:31 [INFO] - ============================================================
2025-07-13 15:56:31 [INFO] - ОПТИМИЗИРАН MCMC RUNNER
2025-07-13 15:56:31 [INFO] - ============================================================
2025-07-13 15:56:31 [INFO] - Модел: PLM
2025-07-13 15:56:31 [INFO] - Walkers: 32, Steps: 5000, Burnin: 1000
2025-07-13 15:56:31 [INFO] - CPU ядра: 12/24
2025-07-13 15:56:31 [INFO] - Система: 12 физически, 24 логически
2025-07-13 15:56:31 [INFO] - Започване на нова симулация за 'PLM_k_fixed'.
2025-07-13 15:56:31 [INFO] - Използваме 12 от 12 налични ядра
2025-07-13 15:56:31 [INFO] - Стартиране на оптимизирана MCMC симулация за PLM_k_fixed...
2025-07-13 15:57:44 [INFO] - Worker 12888 инициализиран успешно
2025-07-13 15:57:45 [INFO] - Worker 24828 инициализиран успешно
2025-07-13 15:57:46 [INFO] - Worker 11072 инициализиран успешно
2025-07-13 15:57:46 [INFO] - Worker 16864 инициализиран успешно
2025-07-13 15:57:46 [INFO] - Worker 28872 инициализиран успешно
2025-07-13 15:57:46 [INFO] - Worker 16640 инициализиран успешно
2025-07-13 15:57:46 [INFO] - Worker 2584 инициализиран успешно
2025-07-13 15:57:46 [INFO] - Worker 35008 инициализиран успешно
2025-07-13 15:57:46 [INFO] - Worker 28608 инициализиран успешно
2025-07-13 15:57:46 [INFO] - Worker 34888 инициализиран успешно
2025-07-13 15:57:46 [INFO] - Worker 34828 инициализиран успешно
2025-07-13 15:57:46 [INFO] - Worker 2668 инициализиран успешно
2025-07-13 16:01:15 [INFO] -   Стъпка 500/5000 | Приети: 35.48% | Log_prob: -3212739.27±7544.62 | CPU: 2.0% | Време: 283.6s
2025-07-13 16:04:31 [INFO] -   Стъпка 1000/5000 | Приети: 35.70% | Log_prob: -3123515.53±1.04 | CPU: 1.3% | Време: 480.3s
2025-07-13 16:07:12 [INFO] -   Стъпка 1500/5000 | Приети: 34.91% | Log_prob: -3123512.22±8.03 | CPU: 3.7% | Време: 640.4s
2025-07-13 16:09:51 [INFO] -   Стъпка 2000/5000 | Приети: 33.58% | Log_prob: -3123486.54±37.69 | CPU: 2.5% | Време: 800.1s
2025-07-13 16:12:33 [INFO] -   Стъпка 2500/5000 | Приети: 31.78% | Log_prob: -3123469.92±49.03 | CPU: 1.3% | Време: 962.0s
2025-07-13 16:15:17 [INFO] -   Стъпка 3000/5000 | Приети: 30.73% | Log_prob: -3123460.69±49.30 | CPU: 12.5% | Време: 1126.0s
2025-07-13 16:18:02 [INFO] -   Стъпка 3500/5000 | Приети: 30.16% | Log_prob: -3123458.76±50.54 | CPU: 3.5% | Време: 1291.3s
2025-07-13 16:20:51 [INFO] -   Стъпка 4000/5000 | Приети: 29.95% | Log_prob: -3123446.32±46.84 | CPU: 0.0% | Време: 1459.9s
2025-07-13 16:23:44 [INFO] -   Стъпка 4500/5000 | Приети: 29.98% | Log_prob: -3123443.73±45.37 | CPU: 5.4% | Време: 1632.6s
2025-07-13 16:26:40 [INFO] -   Стъпка 5000/5000 | Приети: 30.12% | Log_prob: -3123439.97±43.38 | CPU: 0.7% | Време: 1809.1s
2025-07-13 16:26:41 [INFO] - Симулация завърши за 30.15 мин. Средно CPU: 32.2%
2025-07-13 16:26:41 [INFO] - 
Анализ на резултатите за PLM_k_fixed:
2025-07-13 16:26:41 [INFO] -   Брой семпли: 8512
2025-07-13 16:26:43 [INFO] -   Corner plot: D:\MyPRJ\Python\NotLinearTime\Test_5\mcmc_analysis\results\PLM_k_fixed_optimized_corner_plot.png
2025-07-13 16:26:43 [INFO] -   Резултати:
2025-07-13 16:26:43 [INFO] -     H0 = 40.0000 +0.0000 / -0.0000
2025-07-13 16:26:43 [INFO] -     Omega_m h^2 = 0.1900 +0.0109 / -0.0070
2025-07-13 16:26:43 [INFO] -     z_crit = 0.3112 +6.9554 / -0.2098
2025-07-13 16:26:43 [INFO] -     w_crit = 0.1065 +3.2937 / -0.0888
2025-07-13 16:26:43 [INFO] -     f_max = 0.8304 +0.1594 / -0.5431
2025-07-13 16:26:43 [INFO] - 
Оптимизираните MCMC симулации завършиха успешно!
2025-07-13 17:09:26 [INFO] - ============================================================
2025-07-13 17:09:26 [INFO] - ОПТИМИЗИРАН MCMC RUNNER
2025-07-13 17:09:26 [INFO] - ============================================================
2025-07-13 17:09:26 [INFO] - Модел: PLM
2025-07-13 17:09:26 [INFO] - Walkers: 32, Steps: 5000, Burnin: 1000
2025-07-13 17:09:26 [INFO] - CPU ядра: 12/24
2025-07-13 17:09:26 [INFO] - Система: 12 физически, 24 логически
2025-07-13 17:09:26 [INFO] - СТАРТИРАНЕ НА СИМУЛАЦИЯ С ОГРАНИЧЕН H0 (60-70) и ФИКСИРАНО k
2025-07-13 17:09:26 [INFO] - Започване на нова симулация за 'PLM_H0_constrained'.
2025-07-13 17:09:26 [INFO] - Използваме 12 от 12 налични ядра
2025-07-13 17:09:26 [INFO] - Стартиране на оптимизирана MCMC симулация за PLM_H0_constrained...
2025-07-13 17:10:38 [INFO] - Worker 25852 инициализиран успешно
2025-07-13 17:10:38 [INFO] - Worker 11188 инициализиран успешно
2025-07-13 17:10:39 [INFO] - Worker 21540 инициализиран успешно
2025-07-13 17:10:39 [INFO] - Worker 9032 инициализиран успешно
2025-07-13 17:10:39 [INFO] - Worker 7192 инициализиран успешно
2025-07-13 17:10:39 [INFO] - Worker 13224 инициализиран успешно
2025-07-13 17:10:40 [INFO] - Worker 14244 инициализиран успешно
2025-07-13 17:10:40 [INFO] - Worker 30968 инициализиран успешно
2025-07-13 17:10:40 [INFO] - Worker 30324 инициализиран успешно
2025-07-13 17:10:40 [INFO] - Worker 30196 инициализиран успешно
2025-07-13 17:10:40 [INFO] - Worker 18276 инициализиран успешно
2025-07-13 17:10:40 [INFO] - Worker 29100 инициализиран успешно
2025-07-13 17:13:47 [INFO] -   Стъпка 500/5000 | Приети: 35.93% | Log_prob: -3728556.87±2.02 | CPU: 2.1% | Време: 261.3s
2025-07-13 17:16:25 [INFO] -   Стъпка 1000/5000 | Приети: 33.98% | Log_prob: -3728556.83±2.20 | CPU: 0.0% | Време: 419.2s
2025-07-13 17:19:07 [INFO] -   Стъпка 1500/5000 | Приети: 33.13% | Log_prob: -3728557.54±2.12 | CPU: 2.5% | Време: 580.7s
2025-07-13 17:21:46 [INFO] -   Стъпка 2000/5000 | Приети: 32.52% | Log_prob: -3728557.27±1.87 | CPU: 2.0% | Време: 739.8s
2025-07-13 17:24:27 [INFO] -   Стъпка 2500/5000 | Приети: 32.43% | Log_prob: -3728557.85±2.59 | CPU: 1.3% | Време: 900.5s
2025-07-13 17:27:04 [INFO] -   Стъпка 3000/5000 | Приети: 32.35% | Log_prob: -3728556.58±1.79 | CPU: 0.7% | Време: 1057.7s
2025-07-13 17:29:44 [INFO] -   Стъпка 3500/5000 | Приети: 32.20% | Log_prob: -3728557.11±1.89 | CPU: 0.7% | Време: 1218.1s
2025-07-13 17:32:19 [INFO] -   Стъпка 4000/5000 | Приети: 32.03% | Log_prob: -3728556.85±1.42 | CPU: 1.3% | Време: 1372.7s
2025-07-13 17:34:54 [INFO] -   Стъпка 4500/5000 | Приети: 31.98% | Log_prob: -3728557.98±1.86 | CPU: 0.0% | Време: 1528.4s
2025-07-13 17:37:29 [INFO] -   Стъпка 5000/5000 | Приети: 31.84% | Log_prob: -3728557.20±2.06 | CPU: 0.0% | Време: 1682.9s
2025-07-13 17:37:30 [INFO] - Симулация завърши за 28.05 мин. Средно CPU: 31.7%
2025-07-13 17:37:30 [INFO] - 
Анализ на резултатите за PLM_H0_constrained:
2025-07-13 17:37:30 [INFO] -   Брой семпли: 8512
2025-07-13 17:37:31 [INFO] -   Corner plot: D:\MyPRJ\Python\NotLinearTime\Test_5\mcmc_analysis\results\PLM_H0_constrained_optimized_corner_plot.png
2025-07-13 17:37:31 [INFO] -   Резултати:
2025-07-13 17:37:31 [INFO] -     H0 = 60.0000 +0.0000 / -0.0000
2025-07-13 17:37:31 [INFO] -     Omega_m h^2 = 0.2999 +0.0001 / -0.0001
2025-07-13 17:37:31 [INFO] -     z_crit = 1.0306 +3.7481 / -0.7458
2025-07-13 17:37:31 [INFO] -     w_crit = 3.7168 +0.9584 / -1.5670
2025-07-13 17:37:31 [INFO] -     f_max = 0.1129 +0.0207 / -0.0094
2025-07-13 17:37:31 [INFO] - 
Оптимизираните MCMC симулации завършиха успешно!
2025-07-13 18:13:46 [INFO] - ============================================================
2025-07-13 18:13:46 [INFO] - ОПТИМИЗИРАН MCMC RUNNER
2025-07-13 18:13:46 [INFO] - ============================================================
2025-07-13 18:13:46 [INFO] - Модел: PLM
2025-07-13 18:13:46 [INFO] - Walkers: 32, Steps: 5000, Burnin: 1000
2025-07-13 18:13:46 [INFO] - CPU ядра: 12/24
2025-07-13 18:13:46 [INFO] - Система: 12 физически, 24 логически
2025-07-13 18:13:46 [INFO] - СТАРТИРАНЕ НА ФИНАЛНА СИМУЛАЦИЯ (свободен H0, фиксирано k, свободен delta_M)
2025-07-13 18:13:46 [INFO] - Започване на нова симулация за 'PLM_final'.
2025-07-13 18:13:46 [INFO] - Използваме 12 от 12 налични ядра
2025-07-13 18:13:46 [INFO] - Стартиране на оптимизирана MCMC симулация за PLM_final...
2025-07-13 18:14:59 [INFO] - Worker 27732 инициализиран успешно
2025-07-13 18:15:01 [INFO] - Worker 32572 инициализиран успешно
2025-07-13 18:15:02 [INFO] - Worker 28448 инициализиран успешно
2025-07-13 18:15:02 [INFO] - Worker 27660 инициализиран успешно
2025-07-13 18:15:02 [INFO] - Worker 30192 инициализиран успешно
2025-07-13 18:15:02 [INFO] - Worker 31136 инициализиран успешно
2025-07-13 18:15:02 [INFO] - Worker 32260 инициализиран успешно
2025-07-13 18:15:02 [INFO] - Worker 11952 инициализиран успешно
2025-07-13 18:15:02 [INFO] - Worker 20624 инициализиран успешно
2025-07-13 18:15:02 [INFO] - Worker 15088 инициализиран успешно
2025-07-13 18:15:02 [ERROR] - Грешка по време на симулацията: log_likelihood_plm() got an unexpected keyword argument 'delta_M'
2025-07-13 18:15:02 [ERROR] - multiprocessing.pool.RemoteTraceback: 
"""
Traceback (most recent call last):
  File "C:\Users\aaami\AppData\Local\Programs\Python\Python312\Lib\multiprocessing\pool.py", line 125, in worker
    result = (True, func(*args, **kwds))
                    ^^^^^^^^^^^^^^^^^^^
  File "C:\Users\aaami\AppData\Local\Programs\Python\Python312\Lib\multiprocessing\pool.py", line 48, in mapstar
    return list(map(*args))
           ^^^^^^^^^^^^^^^^
  File "C:\Users\aaami\AppData\Local\Programs\Python\Python312\Lib\site-packages\emcee\ensemble.py", line 640, in __call__
    return self.f(x, *self.args, **self.kwargs)
           ^^^^^^^^^^^^^^^^^^^^^^^^^^^^^^^^^^^^
  File "D:\MyPRJ\Python\NotLinearTime\Test_5\mcmc_analysis\runners\run_mcmc.py", line 219, in log_probability_plm_final
    log_like = log_likelihood_plm(cosmo_params, delta_M=delta_M)
              ^^^^^^^^^^^^^^^^^^^^^^^^^^^^^^^^^^^^^^^^^^^^^^^^^
TypeError: log_likelihood_plm() got an unexpected keyword argument 'delta_M'
"""

The above exception was the direct cause of the following exception:

Traceback (most recent call last):
  File "D:\MyPRJ\Python\NotLinearTime\Test_5\mcmc_analysis\runners\run_mcmc.py", line 270, in run_optimized_mcmc
    for i, result in enumerate(sampler.sample(initial_state, iterations=n_steps_to_run, progress=True)):
                     ^^^^^^^^^^^^^^^^^^^^^^^^^^^^^^^^^^^^^^^^^^^^^^^^^^^^^^^^^^^^^^^^^^^^^^^^^^^^^^^^^^
  File "C:\Users\aaami\AppData\Local\Programs\Python\Python312\Lib\site-packages\emcee\ensemble.py", line 351, in sample
    state.log_prob, state.blobs = self.compute_log_prob(state.coords)
                                  ^^^^^^^^^^^^^^^^^^^^^^^^^^^^^^^^^^^
  File "C:\Users\aaami\AppData\Local\Programs\Python\Python312\Lib\site-packages\emcee\ensemble.py", line 496, in compute_log_prob
    results = list(map_func(self.log_prob_fn, p))
                   ^^^^^^^^^^^^^^^^^^^^^^^^^^^^^
  File "C:\Users\aaami\AppData\Local\Programs\Python\Python312\Lib\multiprocessing\pool.py", line 367, in map
    return self._map_async(func, iterable, mapstar, chunksize).get()
           ^^^^^^^^^^^^^^^^^^^^^^^^^^^^^^^^^^^^^^^^^^^^^^^^^^^^^^^^^
  File "C:\Users\aaami\AppData\Local\Programs\Python\Python312\Lib\multiprocessing\pool.py", line 774, in get
    raise self._value
TypeError: log_likelihood_plm() got an unexpected keyword argument 'delta_M'

2025-07-13 18:15:02 [INFO] - Worker 32152 инициализиран успешно
2025-07-13 18:15:02 [INFO] - 
Оптимизираните MCMC симулации завършиха успешно!
2025-07-13 18:16:09 [INFO] - ============================================================
2025-07-13 18:16:09 [INFO] - ОПТИМИЗИРАН MCMC RUNNER
2025-07-13 18:16:09 [INFO] - ============================================================
2025-07-13 18:16:09 [INFO] - Модел: PLM
2025-07-13 18:16:09 [INFO] - Walkers: 32, Steps: 5000, Burnin: 1000
2025-07-13 18:16:09 [INFO] - CPU ядра: 12/24
2025-07-13 18:16:09 [INFO] - Система: 12 физически, 24 логически
2025-07-13 18:16:09 [INFO] - СТАРТИРАНЕ НА ФИНАЛНА СИМУЛАЦИЯ (свободен H0, фиксирано k, свободен delta_M)
2025-07-13 18:16:09 [INFO] - Започване на нова симулация за 'PLM_final'.
2025-07-13 18:16:09 [INFO] - Използваме 12 от 12 налични ядра
2025-07-13 18:16:09 [INFO] - Стартиране на оптимизирана MCMC симулация за PLM_final...
2025-07-13 18:17:16 [INFO] - Worker 5284 инициализиран успешно
2025-07-13 18:17:22 [INFO] - Worker 18964 инициализиран успешно
2025-07-13 18:17:23 [INFO] - Worker 30400 инициализиран успешно
2025-07-13 18:17:23 [INFO] - Worker 5292 инициализиран успешно
2025-07-13 18:17:23 [INFO] - Worker 25596 инициализиран успешно
2025-07-13 18:17:23 [INFO] - Worker 20336 инициализиран успешно
2025-07-13 18:17:23 [INFO] - Worker 8076 инициализиран успешно
2025-07-13 18:17:23 [INFO] - Worker 10096 инициализиран успешно
2025-07-13 18:17:23 [INFO] - Worker 20548 инициализиран успешно
2025-07-13 18:17:23 [INFO] - Worker 23396 инициализиран успешно
2025-07-13 18:17:23 [INFO] - Worker 17940 инициализиран успешно
2025-07-13 18:17:23 [INFO] - Worker 18588 инициализиран успешно
2025-07-13 18:21:00 [INFO] -   Стъпка 500/5000 | Приети: 35.58% | Log_prob: -3064224.02±11526.03 | CPU: 9.0% | Време: 290.3s
2025-07-13 18:24:13 [INFO] -   Стъпка 1000/5000 | Приети: 34.25% | Log_prob: -2551838.63±4401.58 | CPU: 1.3% | Време: 483.7s
2025-07-13 18:27:43 [INFO] -   Стъпка 1500/5000 | Приети: 34.81% | Log_prob: -2519515.98±290.69 | CPU: 0.0% | Време: 693.5s
2025-07-13 18:31:11 [INFO] -   Стъпка 2000/5000 | Приети: 34.98% | Log_prob: -2510605.34±41.99 | CPU: 0.0% | Време: 901.6s
2025-07-13 18:34:09 [INFO] -   Стъпка 2500/5000 | Приети: 34.99% | Log_prob: -2510012.85±4.90 | CPU: 3.2% | Време: 1079.2s
2025-07-13 18:37:05 [INFO] -   Стъпка 3000/5000 | Приети: 35.15% | Log_prob: -2509632.14±6.88 | CPU: 5.8% | Време: 1255.4s
2025-07-13 18:39:57 [INFO] -   Стъпка 3500/5000 | Приети: 35.30% | Log_prob: -2509486.22±2.75 | CPU: 0.7% | Време: 1427.9s
2025-07-13 18:42:34 [INFO] -   Стъпка 4000/5000 | Приети: 34.38% | Log_prob: -2509482.83±10.85 | CPU: 4.6% | Време: 1584.8s
2025-07-13 18:45:09 [INFO] -   Стъпка 4500/5000 | Приети: 33.58% | Log_prob: -2509480.95±15.35 | CPU: 7.7% | Време: 1739.7s
2025-07-13 18:47:48 [INFO] -   Стъпка 5000/5000 | Приети: 32.89% | Log_prob: -2509460.43±39.91 | CPU: 0.0% | Време: 1898.1s
2025-07-13 18:47:49 [INFO] - Симулация завърши за 31.64 мин. Средно CPU: 29.6%
2025-07-13 18:47:49 [INFO] - 
Анализ на резултатите за PLM_final:
2025-07-13 18:47:49 [INFO] -   Брой семпли: 8512
2025-07-13 18:47:50 [INFO] -   Corner plot: D:\MyPRJ\Python\NotLinearTime\Test_5\mcmc_analysis\results\PLM_final_optimized_corner_plot.png
2025-07-13 18:47:50 [INFO] -   Резултати:
2025-07-13 18:47:50 [INFO] -     H0 = 40.0007 +0.0579 / -0.0007
2025-07-13 18:47:50 [INFO] -     Omega_m h^2 = 0.1774 +0.0112 / -0.0520
2025-07-13 18:47:50 [INFO] -     z_crit = 4.8234 +3.3427 / -3.8418
2025-07-13 18:47:50 [INFO] -     w_crit = 2.4796 +1.8931 / -1.8193
2025-07-13 18:47:50 [INFO] -     f_max = 0.4446 +0.3567 / -0.2470
2025-07-13 18:47:50 [INFO] -     delta_M = 1.0000 +0.0000 / -0.0027
2025-07-13 18:47:50 [INFO] - 
Оптимизираните MCMC симулации завършиха успешно!
2025-07-13 23:39:43 [INFO] - ============================================================
2025-07-13 23:39:43 [INFO] - ОПТИМИЗИРАН MCMC RUNNER
2025-07-13 23:39:43 [INFO] - ============================================================
2025-07-13 23:39:43 [INFO] - Модел: PLM
2025-07-13 23:39:43 [INFO] - Walkers: 32, Steps: 5000, Burnin: 1000
2025-07-13 23:39:43 [INFO] - CPU ядра: 12/24
2025-07-13 23:39:43 [INFO] - Система: 12 физически, 24 логически
2025-07-13 23:39:43 [INFO] - СТАРТИРАНЕ НА ФИНАЛНА СИМУЛАЦИЯ (свободен H0, фиксирано k, свободен delta_M, свободен z_local)
2025-07-13 23:39:43 [INFO] - Започване на нова симулация за 'PLM_z_local'.
2025-07-13 23:39:43 [INFO] - Използваме 12 от 12 налични ядра
2025-07-13 23:39:43 [INFO] - Стартиране на оптимизирана MCMC симулация за PLM_z_local...
2025-07-13 23:40:54 [INFO] - Worker 9200 инициализиран успешно
2025-07-13 23:40:55 [INFO] - Worker 26016 инициализиран успешно
2025-07-13 23:40:56 [INFO] - Worker 24508 инициализиран успешно
2025-07-13 23:40:56 [INFO] - Worker 13048 инициализиран успешно
2025-07-13 23:40:56 [INFO] - Worker 14856 инициализиран успешно
2025-07-13 23:40:56 [INFO] - Worker 2408 инициализиран успешно
2025-07-13 23:40:56 [INFO] - Worker 24468 инициализиран успешно
2025-07-13 23:40:56 [INFO] - Worker 25484 инициализиран успешно
2025-07-13 23:40:57 [INFO] - Worker 27184 инициализиран успешно
2025-07-13 23:40:57 [INFO] - Worker 22960 инициализиран успешно
2025-07-13 23:40:57 [INFO] - Worker 2064 инициализиран успешно
2025-07-13 23:40:57 [INFO] - Worker 14872 инициализиран успешно
2025-07-13 23:44:54 [INFO] -   Стъпка 500/5000 | Приети: 37.78% | Log_prob: -329678.28±98.44 | CPU: 4.9% | Време: 311.1s
2025-07-13 23:49:12 [INFO] -   Стъпка 1000/5000 | Приети: 39.12% | Log_prob: -324950.73±162.63 | CPU: 4.3% | Време: 569.4s
2025-07-13 23:52:37 [INFO] -   Стъпка 1500/5000 | Приети: 38.76% | Log_prob: -323687.65±2.79 | CPU: 4.5% | Време: 774.3s
2025-07-13 23:55:16 [INFO] -   Стъпка 2000/5000 | Приети: 36.43% | Log_prob: -323661.45±2.29 | CPU: 0.0% | Време: 933.6s
2025-07-13 23:57:54 [INFO] -   Стъпка 2500/5000 | Приети: 34.60% | Log_prob: -323660.72±2.58 | CPU: 1.3% | Време: 1091.6s
2025-07-14 00:00:28 [INFO] -   Стъпка 3000/5000 | Приети: 32.99% | Log_prob: -323660.83±2.45 | CPU: 0.0% | Време: 1245.3s
2025-07-14 00:03:05 [INFO] -   Стъпка 3500/5000 | Приети: 32.12% | Log_prob: -323660.46±2.28 | CPU: 0.6% | Време: 1402.4s
2025-07-14 00:05:46 [INFO] -   Стъпка 4000/5000 | Приети: 31.51% | Log_prob: -323660.39±2.31 | CPU: 2.0% | Време: 1563.1s
2025-07-14 00:08:28 [INFO] -   Стъпка 4500/5000 | Приети: 31.00% | Log_prob: -323660.37±2.61 | CPU: 0.0% | Време: 1725.3s
2025-07-14 00:11:06 [INFO] -   Стъпка 5000/5000 | Приети: 30.63% | Log_prob: -323660.04±2.30 | CPU: 0.0% | Време: 1882.7s
2025-07-14 00:11:07 [INFO] - Симулация завърши за 31.38 мин. Средно CPU: 31.8%
2025-07-14 00:11:07 [INFO] - 
Анализ на резултатите за PLM_z_local:
2025-07-14 00:11:07 [INFO] -   Брой семпли: 8512
2025-07-14 00:11:09 [INFO] -   Corner plot: D:\MyPRJ\Python\NotLinearTime\Test_5\mcmc_analysis\results\PLM_z_local_optimized_corner_plot.png
2025-07-14 00:11:09 [INFO] -   Резултати:
2025-07-14 00:11:09 [INFO] -     H0 = 44.5964 +0.1798 / -0.2581
2025-07-14 00:11:09 [INFO] -     Omega_m h^2 = 0.2982 +0.0014 / -0.0045
2025-07-14 00:11:09 [INFO] -     z_crit = 4.3264 +3.9741 / -3.6020
2025-07-14 00:11:09 [INFO] -     w_crit = 2.7500 +1.4837 / -1.9924
2025-07-14 00:11:09 [INFO] -     f_max = 0.2832 +0.5551 / -0.1445
2025-07-14 00:11:09 [INFO] -     delta_M = 0.9993 +0.0005 / -0.0026
2025-07-14 00:11:09 [INFO] -     z_local = -0.0439 +0.0002 / -0.0002
2025-07-14 00:11:09 [INFO] - 
Оптимизираните MCMC симулации завършиха успешно!
